<?xml version="1.0" encoding="UTF-8"?>
<!-- Generated by org.testng.reporters.JUnitReportReporter -->
<testsuite skipped="0" hostname="DESKTOP-KGRR886" name="test.CardTest" tests="1" failures="0" timestamp="04 Sep 2022 03:53:21 GMT" time="0.008" errors="0">
  <testcase name="cctest" time="0.008" classname="test.CardTest"/>
</testsuite> <!-- test.CardTest -->
