<?xml version="1.0" encoding="UTF-8"?>
<!-- Generated by org.testng.reporters.JUnitReportReporter -->
<testsuite skipped="0" hostname="DESKTOP-KGRR886" name="test.LoanTest" tests="3" failures="0" timestamp="04 Sep 2022 03:53:21 GMT" time="0.025" errors="0">
  <testcase name="PersonalLoanTest" time="0.013" classname="test.LoanTest"/>
  <testcase name="HomeLoanTest" time="0.006" classname="test.LoanTest"/>
  <testcase name="PersonalLoanTest1" time="0.006" classname="test.LoanTest"/>
</testsuite> <!-- test.LoanTest -->
